[debug] [2021-11-27T19:42:45.617Z] ----------------------------------------------------------------------
[debug] [2021-11-27T19:42:45.619Z] Command:       /Users/iwasaki/.nodenv/versions/15.14.0/bin/node /Users/iwasaki/.nodenv/versions/15.14.0/bin/firebase deploy
[debug] [2021-11-27T19:42:45.619Z] CLI Version:   9.23.0
[debug] [2021-11-27T19:42:45.619Z] Platform:      darwin
[debug] [2021-11-27T19:42:45.619Z] Node Version:  v15.14.0
[debug] [2021-11-27T19:42:45.620Z] Time:          Sun Nov 28 2021 04:42:45 GMT+0900 (Japan Standard Time)
[debug] [2021-11-27T19:42:45.620Z] ----------------------------------------------------------------------
[debug] 
[debug] [2021-11-27T19:42:45.664Z] > command requires scopes: ["email","openid","https://www.googleapis.com/auth/cloudplatformprojects.readonly","https://www.googleapis.com/auth/firebase","https://www.googleapis.com/auth/cloud-platform"]
[debug] [2021-11-27T19:42:45.664Z] > authorizing via signed-in user (armada3524@gmail.com)
[debug] [2021-11-27T19:42:45.665Z] [iam] checking project chatter-197df for permissions ["cloudfunctions.functions.create","cloudfunctions.functions.delete","cloudfunctions.functions.get","cloudfunctions.functions.list","cloudfunctions.functions.update","cloudfunctions.operations.get","firebase.projects.get","firebasehosting.sites.update"]
[debug] [2021-11-27T19:42:45.666Z] >>> HTTP REQUEST POST https://cloudresourcemanager.googleapis.com/v1/projects/chatter-197df:testIamPermissions  
 {"permissions":["cloudfunctions.functions.create","cloudfunctions.functions.delete","cloudfunctions.functions.get","cloudfunctions.functions.list","cloudfunctions.functions.update","cloudfunctions.operations.get","firebase.projects.get","firebasehosting.sites.update"]}
[debug] [2021-11-27T19:42:46.465Z] <<< HTTP RESPONSE 200 {"content-type":"application/json; charset=UTF-8","vary":"X-Origin, Referer, Origin,Accept-Encoding","date":"Sat, 27 Nov 2021 19:42:46 GMT","server":"ESF","cache-control":"private","x-xss-protection":"0","x-frame-options":"SAMEORIGIN","x-content-type-options":"nosniff","server-timing":"gfet4t7; dur=574","alt-svc":"h3=\":443\"; ma=2592000,h3-29=\":443\"; ma=2592000,h3-Q050=\":443\"; ma=2592000,h3-Q046=\":443\"; ma=2592000,h3-Q043=\":443\"; ma=2592000,quic=\":443\"; ma=2592000; v=\"46,43\"","accept-ranges":"none","transfer-encoding":"chunked"}
[debug] [2021-11-27T19:42:46.467Z] >>> HTTP REQUEST POST https://iam.googleapis.com/v1/projects/chatter-197df/serviceAccounts/chatter-197df@appspot.gserviceaccount.com:testIamPermissions  
 {"permissions":["iam.serviceAccounts.actAs"]}
[debug] [2021-11-27T19:42:47.256Z] <<< HTTP RESPONSE 200 {"content-type":"application/json; charset=UTF-8","vary":"X-Origin, Referer, Origin,Accept-Encoding","date":"Sat, 27 Nov 2021 19:42:47 GMT","server":"ESF","cache-control":"private","x-xss-protection":"0","x-frame-options":"SAMEORIGIN","x-content-type-options":"nosniff","alt-svc":"h3=\":443\"; ma=2592000,h3-29=\":443\"; ma=2592000,h3-Q050=\":443\"; ma=2592000,h3-Q046=\":443\"; ma=2592000,h3-Q043=\":443\"; ma=2592000,quic=\":443\"; ma=2592000; v=\"46,43\"","accept-ranges":"none","transfer-encoding":"chunked"}
[debug] [2021-11-27T19:42:47.258Z] > refreshing access token with scopes: []
[debug] [2021-11-27T19:42:47.258Z] >>> HTTP REQUEST POST https://www.googleapis.com/oauth2/v3/token  
 <request body omitted>
[debug] [2021-11-27T19:42:47.413Z] <<< HTTP RESPONSE 200 {"expires":"Mon, 01 Jan 1990 00:00:00 GMT","pragma":"no-cache","date":"Sat, 27 Nov 2021 19:42:47 GMT","cache-control":"no-cache, no-store, max-age=0, must-revalidate","content-type":"application/json; charset=utf-8","vary":"X-Origin, Referer, Origin,Accept-Encoding","server":"scaffolding on HTTPServer2","x-xss-protection":"0","x-frame-options":"SAMEORIGIN","x-content-type-options":"nosniff","alt-svc":"h3=\":443\"; ma=2592000,h3-29=\":443\"; ma=2592000,h3-Q050=\":443\"; ma=2592000,h3-Q046=\":443\"; ma=2592000,h3-Q043=\":443\"; ma=2592000,quic=\":443\"; ma=2592000; v=\"46,43\"","accept-ranges":"none","transfer-encoding":"chunked"}
[debug] [2021-11-27T19:42:47.467Z] >>> [apiv2][query] GET https://firebase.googleapis.com/v1beta1/projects/chatter-197df [none]
[debug] [2021-11-27T19:42:48.167Z] <<< [apiv2][status] GET https://firebase.googleapis.com/v1beta1/projects/chatter-197df 200
[debug] [2021-11-27T19:42:48.167Z] <<< [apiv2][body] GET https://firebase.googleapis.com/v1beta1/projects/chatter-197df {"projectId":"chatter-197df","projectNumber":"330084152094","displayName":"chatter","name":"projects/chatter-197df","resources":{"hostingSite":"chatter-197df","storageBucket":"chatter-197df.appspot.com","locationId":"asia-east2"},"state":"ACTIVE"}
[info] 
[info] === Deploying to 'chatter-197df'...
[info] 
[info] i  deploying functions, hosting 
[info] Running command: npm --prefix "$PROJECT_DIR" install
[info] Running command: npm --prefix "$PROJECT_DIR" run build
[info] ✔  functions: Finished running predeploy script. 
[debug] [2021-11-27T19:43:20.443Z] Validating nodejs source
[warn] ⚠  functions: package.json indicates an outdated version of firebase-functions.
Please upgrade using npm install --save firebase-functions@latest in your functions directory. 
[debug] [2021-11-27T19:43:22.211Z] > [functions] package.json contents: {
  "name": "functions",
  "scripts": {
    "build": "tsc",
    "serve": "npm run build && firebase emulators:start --only functions",
    "shell": "npm run build && firebase functions:shell",
    "start": "npm run shell",
    "deploy": "firebase deploy --only functions",
    "logs": "firebase functions:log"
  },
  "engines": {
    "node": "14"
  },
  "main": "lib/index.js",
  "dependencies": {
    "firebase-admin": "^9.8.0",
    "firebase-functions": "^3.14.1"
  },
  "devDependencies": {
    "typescript": "^3.8.0",
    "firebase-functions-test": "^0.2.0"
  },
  "private": true
}
[debug] [2021-11-27T19:43:22.212Z] Building nodejs source
[info] i  functions: ensuring required API cloudfunctions.googleapis.com is enabled... 
[debug] [2021-11-27T19:43:22.213Z] > refreshing access token with scopes: ["email","https://www.googleapis.com/auth/cloud-platform","https://www.googleapis.com/auth/cloudplatformprojects.readonly","https://www.googleapis.com/auth/firebase","openid"]
[debug] [2021-11-27T19:43:22.213Z] >>> HTTP REQUEST POST https://www.googleapis.com/oauth2/v3/token  
 <request body omitted>
[debug] [2021-11-27T19:43:22.214Z] > refreshing access token with scopes: ["email","https://www.googleapis.com/auth/cloud-platform","https://www.googleapis.com/auth/cloudplatformprojects.readonly","https://www.googleapis.com/auth/firebase","openid"]
[debug] [2021-11-27T19:43:22.214Z] >>> HTTP REQUEST POST https://www.googleapis.com/oauth2/v3/token  
 <request body omitted>
[info] i  functions: ensuring required API cloudbuild.googleapis.com is enabled... 
[debug] [2021-11-27T19:43:22.215Z] > refreshing access token with scopes: ["email","https://www.googleapis.com/auth/cloud-platform","https://www.googleapis.com/auth/cloudplatformprojects.readonly","https://www.googleapis.com/auth/firebase","openid"]
[debug] [2021-11-27T19:43:22.215Z] >>> HTTP REQUEST POST https://www.googleapis.com/oauth2/v3/token  
 <request body omitted>
[info] i  functions: ensuring required API artifactregistry.googleapis.com is enabled... 
[debug] [2021-11-27T19:43:22.216Z] > refreshing access token with scopes: ["email","https://www.googleapis.com/auth/cloud-platform","https://www.googleapis.com/auth/cloudplatformprojects.readonly","https://www.googleapis.com/auth/firebase","openid"]
[debug] [2021-11-27T19:43:22.216Z] >>> HTTP REQUEST POST https://www.googleapis.com/oauth2/v3/token  
 <request body omitted>
[debug] [2021-11-27T19:43:22.391Z] <<< HTTP RESPONSE 200 {"expires":"Mon, 01 Jan 1990 00:00:00 GMT","cache-control":"no-cache, no-store, max-age=0, must-revalidate","pragma":"no-cache","date":"Sat, 27 Nov 2021 19:43:22 GMT","content-type":"application/json; charset=utf-8","vary":"X-Origin, Referer, Origin,Accept-Encoding","server":"scaffolding on HTTPServer2","x-xss-protection":"0","x-frame-options":"SAMEORIGIN","x-content-type-options":"nosniff","alt-svc":"h3=\":443\"; ma=2592000,h3-29=\":443\"; ma=2592000,h3-Q050=\":443\"; ma=2592000,h3-Q046=\":443\"; ma=2592000,h3-Q043=\":443\"; ma=2592000,quic=\":443\"; ma=2592000; v=\"46,43\"","accept-ranges":"none","transfer-encoding":"chunked"}
[debug] [2021-11-27T19:43:22.452Z] >>> HTTP REQUEST GET https://serviceusage.googleapis.com/v1/projects/chatter-197df/services/artifactregistry.googleapis.com  
 
[debug] [2021-11-27T19:43:22.457Z] <<< HTTP RESPONSE 200 {"pragma":"no-cache","date":"Sat, 27 Nov 2021 19:43:22 GMT","cache-control":"no-cache, no-store, max-age=0, must-revalidate","expires":"Mon, 01 Jan 1990 00:00:00 GMT","content-type":"application/json; charset=utf-8","vary":"X-Origin, Referer, Origin,Accept-Encoding","server":"scaffolding on HTTPServer2","x-xss-protection":"0","x-frame-options":"SAMEORIGIN","x-content-type-options":"nosniff","alt-svc":"h3=\":443\"; ma=2592000,h3-29=\":443\"; ma=2592000,h3-Q050=\":443\"; ma=2592000,h3-Q046=\":443\"; ma=2592000,h3-Q043=\":443\"; ma=2592000,quic=\":443\"; ma=2592000; v=\"46,43\"","accept-ranges":"none","transfer-encoding":"chunked"}
[debug] [2021-11-27T19:43:22.518Z] >>> HTTP REQUEST GET https://serviceusage.googleapis.com/v1/projects/chatter-197df/services/runtimeconfig.googleapis.com  
 
[debug] [2021-11-27T19:43:22.520Z] <<< HTTP RESPONSE 200 {"cache-control":"no-cache, no-store, max-age=0, must-revalidate","expires":"Mon, 01 Jan 1990 00:00:00 GMT","date":"Sat, 27 Nov 2021 19:43:22 GMT","pragma":"no-cache","content-type":"application/json; charset=utf-8","vary":"X-Origin, Referer, Origin,Accept-Encoding","server":"scaffolding on HTTPServer2","x-xss-protection":"0","x-frame-options":"SAMEORIGIN","x-content-type-options":"nosniff","alt-svc":"h3=\":443\"; ma=2592000,h3-29=\":443\"; ma=2592000,h3-Q050=\":443\"; ma=2592000,h3-Q046=\":443\"; ma=2592000,h3-Q043=\":443\"; ma=2592000,quic=\":443\"; ma=2592000; v=\"46,43\"","accept-ranges":"none","transfer-encoding":"chunked"}
[debug] [2021-11-27T19:43:22.574Z] >>> HTTP REQUEST GET https://serviceusage.googleapis.com/v1/projects/chatter-197df/services/cloudfunctions.googleapis.com  
 
[debug] [2021-11-27T19:43:22.575Z] <<< HTTP RESPONSE 200 {"date":"Sat, 27 Nov 2021 19:43:22 GMT","pragma":"no-cache","expires":"Mon, 01 Jan 1990 00:00:00 GMT","cache-control":"no-cache, no-store, max-age=0, must-revalidate","content-type":"application/json; charset=utf-8","vary":"X-Origin, Referer, Origin,Accept-Encoding","server":"scaffolding on HTTPServer2","x-xss-protection":"0","x-frame-options":"SAMEORIGIN","x-content-type-options":"nosniff","alt-svc":"h3=\":443\"; ma=2592000,h3-29=\":443\"; ma=2592000,h3-Q050=\":443\"; ma=2592000,h3-Q046=\":443\"; ma=2592000,h3-Q043=\":443\"; ma=2592000,quic=\":443\"; ma=2592000; v=\"46,43\"","accept-ranges":"none","transfer-encoding":"chunked"}
[debug] [2021-11-27T19:43:22.630Z] >>> HTTP REQUEST GET https://serviceusage.googleapis.com/v1/projects/chatter-197df/services/cloudbuild.googleapis.com  
 
[debug] [2021-11-27T19:43:23.620Z] <<< HTTP RESPONSE 200 {"content-type":"application/json; charset=UTF-8","vary":"X-Origin, Referer, Origin,Accept-Encoding","date":"Sat, 27 Nov 2021 19:43:23 GMT","server":"ESF","cache-control":"private","x-xss-protection":"0","x-frame-options":"SAMEORIGIN","x-content-type-options":"nosniff","alt-svc":"h3=\":443\"; ma=2592000,h3-29=\":443\"; ma=2592000,h3-Q050=\":443\"; ma=2592000,h3-Q046=\":443\"; ma=2592000,h3-Q043=\":443\"; ma=2592000,quic=\":443\"; ma=2592000; v=\"46,43\"","accept-ranges":"none","transfer-encoding":"chunked"}
[debug] [2021-11-27T19:43:23.671Z] <<< HTTP RESPONSE 200 {"content-type":"application/json; charset=UTF-8","vary":"X-Origin, Referer, Origin,Accept-Encoding","date":"Sat, 27 Nov 2021 19:43:23 GMT","server":"ESF","cache-control":"private","x-xss-protection":"0","x-frame-options":"SAMEORIGIN","x-content-type-options":"nosniff","alt-svc":"h3=\":443\"; ma=2592000,h3-29=\":443\"; ma=2592000,h3-Q050=\":443\"; ma=2592000,h3-Q046=\":443\"; ma=2592000,h3-Q043=\":443\"; ma=2592000,quic=\":443\"; ma=2592000; v=\"46,43\"","accept-ranges":"none","transfer-encoding":"chunked"}
[info] ✔  functions: required API artifactregistry.googleapis.com is enabled 
[debug] [2021-11-27T19:43:23.684Z] <<< HTTP RESPONSE 200 {"content-type":"application/json; charset=UTF-8","vary":"X-Origin, Referer, Origin,Accept-Encoding","date":"Sat, 27 Nov 2021 19:43:23 GMT","server":"ESF","cache-control":"private","x-xss-protection":"0","x-frame-options":"SAMEORIGIN","x-content-type-options":"nosniff","alt-svc":"h3=\":443\"; ma=2592000,h3-29=\":443\"; ma=2592000,h3-Q050=\":443\"; ma=2592000,h3-Q046=\":443\"; ma=2592000,h3-Q043=\":443\"; ma=2592000,quic=\":443\"; ma=2592000; v=\"46,43\"","accept-ranges":"none","transfer-encoding":"chunked"}
[info] ✔  functions: required API cloudbuild.googleapis.com is enabled 
[debug] [2021-11-27T19:43:23.723Z] <<< HTTP RESPONSE 200 {"content-type":"application/json; charset=UTF-8","vary":"X-Origin, Referer, Origin,Accept-Encoding","date":"Sat, 27 Nov 2021 19:43:23 GMT","server":"ESF","cache-control":"private","x-xss-protection":"0","x-frame-options":"SAMEORIGIN","x-content-type-options":"nosniff","alt-svc":"h3=\":443\"; ma=2592000,h3-29=\":443\"; ma=2592000,h3-Q050=\":443\"; ma=2592000,h3-Q046=\":443\"; ma=2592000,h3-Q043=\":443\"; ma=2592000,quic=\":443\"; ma=2592000; v=\"46,43\"","accept-ranges":"none","transfer-encoding":"chunked"}
[info] ✔  functions: required API cloudfunctions.googleapis.com is enabled 
[debug] [2021-11-27T19:43:23.724Z] >>> HTTP REQUEST GET https://firebase.googleapis.com/v1beta1/projects/chatter-197df/adminSdkConfig  
 
[debug] [2021-11-27T19:43:24.430Z] <<< HTTP RESPONSE 200 {"content-type":"application/json; charset=UTF-8","vary":"X-Origin, Referer, Origin,Accept-Encoding","date":"Sat, 27 Nov 2021 19:43:24 GMT","server":"ESF","cache-control":"private","x-xss-protection":"0","x-frame-options":"SAMEORIGIN","x-content-type-options":"nosniff","alt-svc":"h3=\":443\"; ma=2592000,h3-29=\":443\"; ma=2592000,h3-Q050=\":443\"; ma=2592000,h3-Q046=\":443\"; ma=2592000,h3-Q043=\":443\"; ma=2592000,quic=\":443\"; ma=2592000; v=\"46,43\"","accept-ranges":"none","transfer-encoding":"chunked"}
[debug] [2021-11-27T19:43:24.431Z] >>> HTTP REQUEST GET https://runtimeconfig.googleapis.com/v1beta1/projects/chatter-197df/configs  
 
[debug] [2021-11-27T19:43:24.795Z] <<< HTTP RESPONSE 200 {"content-type":"application/json; charset=UTF-8","vary":"X-Origin, Referer, Origin,Accept-Encoding","date":"Sat, 27 Nov 2021 19:43:24 GMT","server":"ESF","cache-control":"private","x-xss-protection":"0","x-frame-options":"SAMEORIGIN","x-content-type-options":"nosniff","alt-svc":"h3=\":443\"; ma=2592000,h3-29=\":443\"; ma=2592000,h3-Q050=\":443\"; ma=2592000,h3-Q046=\":443\"; ma=2592000,h3-Q043=\":443\"; ma=2592000,quic=\":443\"; ma=2592000; v=\"46,43\"","accept-ranges":"none","transfer-encoding":"chunked"}
[debug] [2021-11-27T19:43:24.797Z] Analyzing nodejs backend spec
[info] i  functions: preparing ./functions/ directory for uploading... 
[info] i  functions: packaged ./functions/ (50.92 KB) for uploading 
[debug] [2021-11-27T19:43:24.983Z] >>> HTTP REQUEST GET https://cloudfunctions.googleapis.com/v1/projects/chatter-197df/locations/-/functions  
 
[debug] [2021-11-27T19:43:25.865Z] <<< HTTP RESPONSE 200 {"content-type":"application/json; charset=UTF-8","vary":"X-Origin, Referer, Origin,Accept-Encoding","date":"Sat, 27 Nov 2021 19:43:25 GMT","server":"ESF","cache-control":"private","x-xss-protection":"0","x-frame-options":"SAMEORIGIN","x-content-type-options":"nosniff","alt-svc":"h3=\":443\"; ma=2592000,h3-29=\":443\"; ma=2592000,h3-Q050=\":443\"; ma=2592000,h3-Q046=\":443\"; ma=2592000,h3-Q043=\":443\"; ma=2592000,quic=\":443\"; ma=2592000; v=\"46,43\"","accept-ranges":"none","transfer-encoding":"chunked"}
[debug] [2021-11-27T19:43:25.868Z] >>> HTTP REQUEST POST https://firebasehosting.googleapis.com/v1beta1/sites/chatter-197df/versions  
 {"config":{"cleanUrls":true,"trailingSlashBehavior":"ADD"},"labels":{"deployment-tool":"cli-firebase"}}
[debug] [2021-11-27T19:43:26.952Z] <<< HTTP RESPONSE 200 {"content-type":"application/json; charset=UTF-8","vary":"X-Origin, Referer, Origin,Accept-Encoding","date":"Sat, 27 Nov 2021 19:43:26 GMT","server":"ESF","cache-control":"private","x-xss-protection":"0","x-frame-options":"SAMEORIGIN","x-content-type-options":"nosniff","alt-svc":"h3=\":443\"; ma=2592000,h3-29=\":443\"; ma=2592000,h3-Q050=\":443\"; ma=2592000,h3-Q046=\":443\"; ma=2592000,h3-Q043=\":443\"; ma=2592000,quic=\":443\"; ma=2592000; v=\"46,43\"","accept-ranges":"none","transfer-encoding":"chunked"}
[debug] [2021-11-27T19:43:26.954Z] >>> HTTP REQUEST POST https://cloudfunctions.googleapis.com/v1/projects/chatter-197df/locations/us-central1/functions:generateUploadUrl  
 
[debug] [2021-11-27T19:43:27.842Z] <<< HTTP RESPONSE 200 {"content-type":"application/json; charset=UTF-8","vary":"X-Origin, Referer, Origin,Accept-Encoding","date":"Sat, 27 Nov 2021 19:43:27 GMT","server":"ESF","cache-control":"private","x-xss-protection":"0","x-frame-options":"SAMEORIGIN","x-content-type-options":"nosniff","alt-svc":"h3=\":443\"; ma=2592000,h3-29=\":443\"; ma=2592000,h3-Q050=\":443\"; ma=2592000,h3-Q046=\":443\"; ma=2592000,h3-Q043=\":443\"; ma=2592000,quic=\":443\"; ma=2592000; v=\"46,43\"","accept-ranges":"none","transfer-encoding":"chunked"}
[debug] [2021-11-27T19:43:27.844Z] >>> HTTP REQUEST PUT https://storage.googleapis.com/gcf-upload-us-central1-11f77711-e0ba-4f14-9d59-0bce8c726f16/d97dd1ed-4953-4ecd-a185-428bf698f953.zip?GoogleAccessId=service-330084152094@gcf-admin-robot.iam.gserviceaccount.com&Expires=1638044007&Signature=sqj%2FsQGh%2FW%2FlEkaKqEIhNKXgyLqwLb0eVoDizUSs7rQlJV%2BeE%2Blli3L5d1jyaorJ2JSOCRi2QNpU4FpGTYoyF7Cdo2s9Y2xVA33bH7xjwwogutz%2Ft83I%2BxhTSHBI2j3lsPkqiIHnySEGipwKGNT5guBJU1I4yIm5eu5VOfV9nXPHRne9i4PIxaEFmTz38vrUcUhvIjVAeujMTES2Ez%2BRvH9CWVq46J4KCKdy27UdigKciduSubqBRTAOd%2B5XA6wWoYRoI6yQEqJ%2BsoxeV86sm14Lw%2FD1WdFZGPV4y1amgLrxl5BYPcb49I4f05Z%2FYwNToZt%2BULCYVrBYM%2B4pl46%2F%2FQ%3D%3D  
 <request body omitted>
[debug] [2021-11-27T19:43:28.279Z] <<< HTTP RESPONSE 200 {"x-guploader-uploadid":"ADPycdv1SNhpWwebQywcFMaYRZdu_LZlinRODORE0ODnJ3QEJovdwTuJ-ub8N58NK2ZLIrpBz3naQimW_ry7KSvBFMI","etag":"\"ce2837820b80b18c545161bd0ce0a909\"","x-goog-generation":"1638042208210703","x-goog-metageneration":"1","x-goog-hash":"crc32c=3Z34Ag==, md5=zig3gguAsYxUUWG9DOCpCQ==","x-goog-stored-content-length":"52140","x-goog-stored-content-encoding":"identity","vary":"Origin","content-length":"0","date":"Sat, 27 Nov 2021 19:43:28 GMT","server":"UploadServer","content-type":"text/html; charset=UTF-8","alt-svc":"h3=\":443\"; ma=2592000,h3-29=\":443\"; ma=2592000,h3-Q050=\":443\"; ma=2592000,h3-Q046=\":443\"; ma=2592000,h3-Q043=\":443\"; ma=2592000,quic=\":443\"; ma=2592000; v=\"46,43\""}
[info] ✔  functions: ./functions/ folder uploaded successfully 
[info] i  hosting[chatter-197df]: beginning deploy... 
[info] i  hosting[chatter-197df]: found 35 files in out 
[debug] [2021-11-27T19:43:28.331Z] > refreshing access token with scopes: []
[debug] [2021-11-27T19:43:28.331Z] >>> HTTP REQUEST POST https://www.googleapis.com/oauth2/v3/token  
 <request body omitted>
[debug] [2021-11-27T19:43:28.332Z] [hosting] hash cache [b3V0] stored for 35 files
[debug] [2021-11-27T19:43:28.332Z] [hosting][hash queue][FINAL] {"max":28,"min":14,"avg":16.285714285714285,"active":0,"complete":35,"success":35,"errored":0,"retried":0,"total":35,"elapsed":31}
[debug] [2021-11-27T19:43:28.479Z] <<< HTTP RESPONSE 200 {"cache-control":"no-cache, no-store, max-age=0, must-revalidate","pragma":"no-cache","expires":"Mon, 01 Jan 1990 00:00:00 GMT","date":"Sat, 27 Nov 2021 19:43:28 GMT","content-type":"application/json; charset=utf-8","vary":"X-Origin, Referer, Origin,Accept-Encoding","server":"scaffolding on HTTPServer2","x-xss-protection":"0","x-frame-options":"SAMEORIGIN","x-content-type-options":"nosniff","alt-svc":"h3=\":443\"; ma=2592000,h3-29=\":443\"; ma=2592000,h3-Q050=\":443\"; ma=2592000,h3-Q046=\":443\"; ma=2592000,h3-Q043=\":443\"; ma=2592000,quic=\":443\"; ma=2592000; v=\"46,43\"","accept-ranges":"none","transfer-encoding":"chunked"}
[debug] [2021-11-27T19:43:28.534Z] >>> [apiv2][query] POST https://firebasehosting.googleapis.com/v1beta1/sites/chatter-197df/versions/786e78293c520e4f:populateFiles [none]
[debug] [2021-11-27T19:43:28.534Z] >>> [apiv2][body] POST https://firebasehosting.googleapis.com/v1beta1/sites/chatter-197df/versions/786e78293c520e4f:populateFiles {"files":{"/404.html":"7ba3ed5e30f180504335c77cba1a9c3d9257611cf7c54e69850bd7045d989dea","/index.html":"e3ee1cfe13c23eff8b71fd3fba6df34e9f9576e96cdb3e51c0f25477553cce27","/icon_like.png":"d9af9f7be2f58815143044cf0440e73e5743ec428eb7da2a25f9ec17562a8527","/_next/data/u3AJjzrlt4cgPz4hIKzMo/chat/DiKmujsE95KUucs5GB20.json":"ed15c23a7ddb826c89091e14faad2ea35731ecb8f354edba31fa8142a1af60b1","/icon_liked.png":"7444851b9c0db03627e41ac77633102f22dab54429306c210b22ffe31109f45a","/_next/data/u3AJjzrlt4cgPz4hIKzMo/chat/Jtvrv3yI2B5StQKHz4XU.json":"e61edbffd18a37f11ff4eecd55fcb2f81443e8d89919670b18667cd33b07ca54","/_next/data/u3AJjzrlt4cgPz4hIKzMo/chat/jbQ5RUuckSjZKGC594pp.json":"0d144f7da96398b6aeb1fbac3f63cf09d2cdc68c057ac7cf4718c66ec06bb96d","/_next/data/u3AJjzrlt4cgPz4hIKzMo/chat/fBNm9CWNWWIAfzMCOlMw.json":"e064a03e829d0b51e3af2143b7cdb7c5bf36ef352ee0bd42a1b562ea8c59976e","/_next/data/u3AJjzrlt4cgPz4hIKzMo/chat/jzkkPburV250KZIkL0b9.json":"742f12de0fd890870d122c8db4788f1f78bd2b343dd97c38fab333407e5bc1dc","/_next/static/chunks/948-63671d4ea4592909.js":"18a0e9968ab03fdd83ffc6cde67d3b231502832939cf86d912d347ec9bd7de27","/_next/data/u3AJjzrlt4cgPz4hIKzMo/chat/DYKbFROwb5VaFmY1KyZT.json":"ec620820f1c43ea339fb1c5367dff2ad9b6653da3dc03b4a938c182f57317a03","/_next/static/chunks/webpack-9358614edabc94d9.js":"77fce73306efa0b85c8ade598c9fbbfab853547a86df528690400960b3ef21fa","/_next/static/chunks/pages/404-17338f978463f6ca.js":"c72337fc63d08cd41658fcf3dd63683151f7fc37090a500efbbc144d7158f948","/_next/static/chunks/pages/_error-2280fa386d040b66.js":"c8a6cd41000795d830b61e0dfc1adb8e007fbb6267f3a7fbe88894131861a17b","/_next/static/chunks/pages/index-a266d68c3d1ae03b.js":"ce58783c3bf96cc72b5328bb5d5c387b3a14f77c2884cc4c58ac49298a55a26d","/_next/static/css/3e358f5714b850aa.css":"cfaefbd9eeb12123b6705b38bab0bd478d3c6e280282ad0e4584e576aecb79bb","/_next/static/u3AJjzrlt4cgPz4hIKzMo/_buildManifest.js":"e5b30642426cc24e0316e68f565b959c5d9bf8964e9587b1241b79d5047e68d9","/_next/static/chunks/pages/chat/[id]-8cebfa02f8442b21.js":"871066755562d0121495aae8f04c986c97f5cbf3f5932f6864278d47d42dc38c","/_next/static/u3AJjzrlt4cgPz4hIKzMo/_middlewareManifest.js":"cb7a93452defd0c72b071f37f3178978e27a79559ecc7ab37e2c85245310f853","/_next/static/u3AJjzrlt4cgPz4hIKzMo/_ssgManifest.js":"5f52a7db6beeee922b76b61533460b9fae6f24bbe882cf8f7c30062c6df86a0f","/chat/DYKbFROwb5VaFmY1KyZT.html":"68ceb0106ba8e6bf784b4d91f328262aeff42c125f348cf5179f854a518cd661","/chat/DiKmujsE95KUucs5GB20.html":"b64adeaf6fbc293f64ccac2e4935efc759f263768cdd6446ca4d2d3ae52d56d1","/chat/Jtvrv3yI2B5StQKHz4XU.html":"7afb708f6b8bf62b2c46bce3318939f5a2882e79ffef97f17c8244ddabde40db","/chat/fBNm9CWNWWIAfzMCOlMw.html":"2ea31e2b5839cbb9e308c10fa8515e56cce79418c243259e25c5c66bcbe999da","/chat/jzkkPburV250KZIkL0b9.html":"8beeed10d8c34afc4d62f8199a6d3eed14a37bb3812120ea6151d6c71576af4f","/chat/jbQ5RUuckSjZKGC594pp.html":"a306e07a7a7071a77545b8a5c7641a6210800de4fb0b7f8531f59c2a03d349af","/_next/static/chunks/234-074bb61979842a86.js":"0fcca88abd14b683d106c13a8fc7e8cec7c14d96643eff2e014696f09e3ad810","/_next/static/chunks/pages/_app-66dbeef0c6fece8c.js":"8afb9afb0ce0ea490f2f4e8198bfaeb959e254b2be81b7e9df0fb25384cdd783","/_next/static/chunks/main-6099a486a931d74e.js":"1252f94f3931be713320bd94560aa4d78b708c560e0683fd1fddfc63afa29da4","/_next/static/chunks/polyfills-5cd94c89d3acac5f.js":"1e00f1917a4c0fdb93af61a3ee477a7eb8465a88cb29614f1ca821440a668520","/_next/static/chunks/697-712cf5b5ac30cd36.js":"578d829c01fb55520cb4bf1cd6aff93fd6637788eacc86c69e0299a9d8658ba6","/_next/static/chunks/framework-91d7f78b5b4003c8.js":"2aab9b11c312bfaa994b8a508c4bf8101ca5f983edca63230c419beeeec66adb","/_next/static/chunks/ff239f9d-523dcbaf513dbcba.js":"60066094d4db0a4e33457297f18eb966e6686f2ddf87fd29655c41611c19fdcd","/_next/static/chunks/f896a2d2-8572d6b62f4df2c6.js":"068cc1009303eb341da19c672fd69ddf85822875880f7beaccb5ab2b6c5b82e1","/_next/static/chunks/3118b2d3-bf3e07ce0569685a.js":"ffbccbffb53d400e0cb5a4337757b0f97ae340551e21a4cf22632cddef6ba213"}}
[debug] [2021-11-27T19:43:29.551Z] <<< [apiv2][status] POST https://firebasehosting.googleapis.com/v1beta1/sites/chatter-197df/versions/786e78293c520e4f:populateFiles 200
[debug] [2021-11-27T19:43:29.552Z] <<< [apiv2][body] POST https://firebasehosting.googleapis.com/v1beta1/sites/chatter-197df/versions/786e78293c520e4f:populateFiles {"uploadRequiredHashes":["e5b30642426cc24e0316e68f565b959c5d9bf8964e9587b1241b79d5047e68d9","b64adeaf6fbc293f64ccac2e4935efc759f263768cdd6446ca4d2d3ae52d56d1","68ceb0106ba8e6bf784b4d91f328262aeff42c125f348cf5179f854a518cd661","871066755562d0121495aae8f04c986c97f5cbf3f5932f6864278d47d42dc38c","e3ee1cfe13c23eff8b71fd3fba6df34e9f9576e96cdb3e51c0f25477553cce27","ce58783c3bf96cc72b5328bb5d5c387b3a14f77c2884cc4c58ac49298a55a26d","2ea31e2b5839cbb9e308c10fa8515e56cce79418c243259e25c5c66bcbe999da","8beeed10d8c34afc4d62f8199a6d3eed14a37bb3812120ea6151d6c71576af4f","a306e07a7a7071a77545b8a5c7641a6210800de4fb0b7f8531f59c2a03d349af","7afb708f6b8bf62b2c46bce3318939f5a2882e79ffef97f17c8244ddabde40db","7ba3ed5e30f180504335c77cba1a9c3d9257611cf7c54e69850bd7045d989dea"],"uploadUrl":"https://upload-firebasehosting.googleapis.com/upload/sites/chatter-197df/versions/786e78293c520e4f/files"}
[debug] [2021-11-27T19:43:29.555Z] >>> [apiv2][query] POST https://upload-firebasehosting.googleapis.com/upload/sites/chatter-197df/versions/786e78293c520e4f/files/e5b30642426cc24e0316e68f565b959c5d9bf8964e9587b1241b79d5047e68d9 [none]
[debug] [2021-11-27T19:43:29.555Z] >>> [apiv2][body] POST https://upload-firebasehosting.googleapis.com/upload/sites/chatter-197df/versions/786e78293c520e4f/files/e5b30642426cc24e0316e68f565b959c5d9bf8964e9587b1241b79d5047e68d9 [stream]
[debug] [2021-11-27T19:43:29.556Z] >>> [apiv2][query] POST https://upload-firebasehosting.googleapis.com/upload/sites/chatter-197df/versions/786e78293c520e4f/files/b64adeaf6fbc293f64ccac2e4935efc759f263768cdd6446ca4d2d3ae52d56d1 [none]
[debug] [2021-11-27T19:43:29.556Z] >>> [apiv2][body] POST https://upload-firebasehosting.googleapis.com/upload/sites/chatter-197df/versions/786e78293c520e4f/files/b64adeaf6fbc293f64ccac2e4935efc759f263768cdd6446ca4d2d3ae52d56d1 [stream]
[debug] [2021-11-27T19:43:29.557Z] >>> [apiv2][query] POST https://upload-firebasehosting.googleapis.com/upload/sites/chatter-197df/versions/786e78293c520e4f/files/68ceb0106ba8e6bf784b4d91f328262aeff42c125f348cf5179f854a518cd661 [none]
[debug] [2021-11-27T19:43:29.557Z] >>> [apiv2][body] POST https://upload-firebasehosting.googleapis.com/upload/sites/chatter-197df/versions/786e78293c520e4f/files/68ceb0106ba8e6bf784b4d91f328262aeff42c125f348cf5179f854a518cd661 [stream]
[debug] [2021-11-27T19:43:29.558Z] >>> [apiv2][query] POST https://upload-firebasehosting.googleapis.com/upload/sites/chatter-197df/versions/786e78293c520e4f/files/871066755562d0121495aae8f04c986c97f5cbf3f5932f6864278d47d42dc38c [none]
[debug] [2021-11-27T19:43:29.558Z] >>> [apiv2][body] POST https://upload-firebasehosting.googleapis.com/upload/sites/chatter-197df/versions/786e78293c520e4f/files/871066755562d0121495aae8f04c986c97f5cbf3f5932f6864278d47d42dc38c [stream]
[debug] [2021-11-27T19:43:29.559Z] >>> [apiv2][query] POST https://upload-firebasehosting.googleapis.com/upload/sites/chatter-197df/versions/786e78293c520e4f/files/e3ee1cfe13c23eff8b71fd3fba6df34e9f9576e96cdb3e51c0f25477553cce27 [none]
[debug] [2021-11-27T19:43:29.559Z] >>> [apiv2][body] POST https://upload-firebasehosting.googleapis.com/upload/sites/chatter-197df/versions/786e78293c520e4f/files/e3ee1cfe13c23eff8b71fd3fba6df34e9f9576e96cdb3e51c0f25477553cce27 [stream]
[debug] [2021-11-27T19:43:29.560Z] >>> [apiv2][query] POST https://upload-firebasehosting.googleapis.com/upload/sites/chatter-197df/versions/786e78293c520e4f/files/ce58783c3bf96cc72b5328bb5d5c387b3a14f77c2884cc4c58ac49298a55a26d [none]
[debug] [2021-11-27T19:43:29.560Z] >>> [apiv2][body] POST https://upload-firebasehosting.googleapis.com/upload/sites/chatter-197df/versions/786e78293c520e4f/files/ce58783c3bf96cc72b5328bb5d5c387b3a14f77c2884cc4c58ac49298a55a26d [stream]
[debug] [2021-11-27T19:43:29.560Z] >>> [apiv2][query] POST https://upload-firebasehosting.googleapis.com/upload/sites/chatter-197df/versions/786e78293c520e4f/files/2ea31e2b5839cbb9e308c10fa8515e56cce79418c243259e25c5c66bcbe999da [none]
[debug] [2021-11-27T19:43:29.560Z] >>> [apiv2][body] POST https://upload-firebasehosting.googleapis.com/upload/sites/chatter-197df/versions/786e78293c520e4f/files/2ea31e2b5839cbb9e308c10fa8515e56cce79418c243259e25c5c66bcbe999da [stream]
[debug] [2021-11-27T19:43:29.563Z] >>> [apiv2][query] POST https://upload-firebasehosting.googleapis.com/upload/sites/chatter-197df/versions/786e78293c520e4f/files/8beeed10d8c34afc4d62f8199a6d3eed14a37bb3812120ea6151d6c71576af4f [none]
[debug] [2021-11-27T19:43:29.564Z] >>> [apiv2][body] POST https://upload-firebasehosting.googleapis.com/upload/sites/chatter-197df/versions/786e78293c520e4f/files/8beeed10d8c34afc4d62f8199a6d3eed14a37bb3812120ea6151d6c71576af4f [stream]
[debug] [2021-11-27T19:43:29.565Z] >>> [apiv2][query] POST https://upload-firebasehosting.googleapis.com/upload/sites/chatter-197df/versions/786e78293c520e4f/files/a306e07a7a7071a77545b8a5c7641a6210800de4fb0b7f8531f59c2a03d349af [none]
[debug] [2021-11-27T19:43:29.565Z] >>> [apiv2][body] POST https://upload-firebasehosting.googleapis.com/upload/sites/chatter-197df/versions/786e78293c520e4f/files/a306e07a7a7071a77545b8a5c7641a6210800de4fb0b7f8531f59c2a03d349af [stream]
[debug] [2021-11-27T19:43:29.566Z] >>> [apiv2][query] POST https://upload-firebasehosting.googleapis.com/upload/sites/chatter-197df/versions/786e78293c520e4f/files/7afb708f6b8bf62b2c46bce3318939f5a2882e79ffef97f17c8244ddabde40db [none]
[debug] [2021-11-27T19:43:29.566Z] >>> [apiv2][body] POST https://upload-firebasehosting.googleapis.com/upload/sites/chatter-197df/versions/786e78293c520e4f/files/7afb708f6b8bf62b2c46bce3318939f5a2882e79ffef97f17c8244ddabde40db [stream]
[debug] [2021-11-27T19:43:29.566Z] >>> [apiv2][query] POST https://upload-firebasehosting.googleapis.com/upload/sites/chatter-197df/versions/786e78293c520e4f/files/7ba3ed5e30f180504335c77cba1a9c3d9257611cf7c54e69850bd7045d989dea [none]
[debug] [2021-11-27T19:43:29.566Z] >>> [apiv2][body] POST https://upload-firebasehosting.googleapis.com/upload/sites/chatter-197df/versions/786e78293c520e4f/files/7ba3ed5e30f180504335c77cba1a9c3d9257611cf7c54e69850bd7045d989dea [stream]
[debug] [2021-11-27T19:43:29.567Z] [hosting][populate queue][FINAL] {"max":1224,"min":1224,"avg":1224,"active":0,"complete":1,"success":1,"errored":0,"retried":0,"total":1,"elapsed":1236}
[debug] [2021-11-27T19:43:29.567Z] [hosting] uploads queued: 11
[debug] [2021-11-27T19:43:30.984Z] <<< [apiv2][status] POST https://upload-firebasehosting.googleapis.com/upload/sites/chatter-197df/versions/786e78293c520e4f/files/a306e07a7a7071a77545b8a5c7641a6210800de4fb0b7f8531f59c2a03d349af 200
[debug] [2021-11-27T19:43:30.984Z] <<< [apiv2][body] POST https://upload-firebasehosting.googleapis.com/upload/sites/chatter-197df/versions/786e78293c520e4f/files/a306e07a7a7071a77545b8a5c7641a6210800de4fb0b7f8531f59c2a03d349af [stream]
[debug] [2021-11-27T19:43:30.991Z] <<< [apiv2][status] POST https://upload-firebasehosting.googleapis.com/upload/sites/chatter-197df/versions/786e78293c520e4f/files/e5b30642426cc24e0316e68f565b959c5d9bf8964e9587b1241b79d5047e68d9 200
[debug] [2021-11-27T19:43:30.991Z] <<< [apiv2][body] POST https://upload-firebasehosting.googleapis.com/upload/sites/chatter-197df/versions/786e78293c520e4f/files/e5b30642426cc24e0316e68f565b959c5d9bf8964e9587b1241b79d5047e68d9 [stream]
[debug] [2021-11-27T19:43:31.386Z] <<< [apiv2][status] POST https://upload-firebasehosting.googleapis.com/upload/sites/chatter-197df/versions/786e78293c520e4f/files/2ea31e2b5839cbb9e308c10fa8515e56cce79418c243259e25c5c66bcbe999da 200
[debug] [2021-11-27T19:43:31.386Z] <<< [apiv2][body] POST https://upload-firebasehosting.googleapis.com/upload/sites/chatter-197df/versions/786e78293c520e4f/files/2ea31e2b5839cbb9e308c10fa8515e56cce79418c243259e25c5c66bcbe999da [stream]
[debug] [2021-11-27T19:43:31.419Z] <<< [apiv2][status] POST https://upload-firebasehosting.googleapis.com/upload/sites/chatter-197df/versions/786e78293c520e4f/files/68ceb0106ba8e6bf784b4d91f328262aeff42c125f348cf5179f854a518cd661 200
[debug] [2021-11-27T19:43:31.420Z] <<< [apiv2][body] POST https://upload-firebasehosting.googleapis.com/upload/sites/chatter-197df/versions/786e78293c520e4f/files/68ceb0106ba8e6bf784b4d91f328262aeff42c125f348cf5179f854a518cd661 [stream]
[debug] [2021-11-27T19:43:31.446Z] <<< [apiv2][status] POST https://upload-firebasehosting.googleapis.com/upload/sites/chatter-197df/versions/786e78293c520e4f/files/7afb708f6b8bf62b2c46bce3318939f5a2882e79ffef97f17c8244ddabde40db 200
[debug] [2021-11-27T19:43:31.446Z] <<< [apiv2][body] POST https://upload-firebasehosting.googleapis.com/upload/sites/chatter-197df/versions/786e78293c520e4f/files/7afb708f6b8bf62b2c46bce3318939f5a2882e79ffef97f17c8244ddabde40db [stream]
[debug] [2021-11-27T19:43:31.468Z] <<< [apiv2][status] POST https://upload-firebasehosting.googleapis.com/upload/sites/chatter-197df/versions/786e78293c520e4f/files/e3ee1cfe13c23eff8b71fd3fba6df34e9f9576e96cdb3e51c0f25477553cce27 200
[debug] [2021-11-27T19:43:31.469Z] <<< [apiv2][body] POST https://upload-firebasehosting.googleapis.com/upload/sites/chatter-197df/versions/786e78293c520e4f/files/e3ee1cfe13c23eff8b71fd3fba6df34e9f9576e96cdb3e51c0f25477553cce27 [stream]
[debug] [2021-11-27T19:43:31.905Z] <<< [apiv2][status] POST https://upload-firebasehosting.googleapis.com/upload/sites/chatter-197df/versions/786e78293c520e4f/files/8beeed10d8c34afc4d62f8199a6d3eed14a37bb3812120ea6151d6c71576af4f 200
[debug] [2021-11-27T19:43:31.906Z] <<< [apiv2][body] POST https://upload-firebasehosting.googleapis.com/upload/sites/chatter-197df/versions/786e78293c520e4f/files/8beeed10d8c34afc4d62f8199a6d3eed14a37bb3812120ea6151d6c71576af4f [stream]
[debug] [2021-11-27T19:43:31.922Z] <<< [apiv2][status] POST https://upload-firebasehosting.googleapis.com/upload/sites/chatter-197df/versions/786e78293c520e4f/files/b64adeaf6fbc293f64ccac2e4935efc759f263768cdd6446ca4d2d3ae52d56d1 200
[debug] [2021-11-27T19:43:31.922Z] <<< [apiv2][body] POST https://upload-firebasehosting.googleapis.com/upload/sites/chatter-197df/versions/786e78293c520e4f/files/b64adeaf6fbc293f64ccac2e4935efc759f263768cdd6446ca4d2d3ae52d56d1 [stream]
[debug] [2021-11-27T19:43:31.945Z] <<< [apiv2][status] POST https://upload-firebasehosting.googleapis.com/upload/sites/chatter-197df/versions/786e78293c520e4f/files/ce58783c3bf96cc72b5328bb5d5c387b3a14f77c2884cc4c58ac49298a55a26d 200
[debug] [2021-11-27T19:43:31.945Z] <<< [apiv2][body] POST https://upload-firebasehosting.googleapis.com/upload/sites/chatter-197df/versions/786e78293c520e4f/files/ce58783c3bf96cc72b5328bb5d5c387b3a14f77c2884cc4c58ac49298a55a26d [stream]
[debug] [2021-11-27T19:43:31.969Z] <<< [apiv2][status] POST https://upload-firebasehosting.googleapis.com/upload/sites/chatter-197df/versions/786e78293c520e4f/files/7ba3ed5e30f180504335c77cba1a9c3d9257611cf7c54e69850bd7045d989dea 200
[debug] [2021-11-27T19:43:31.970Z] <<< [apiv2][body] POST https://upload-firebasehosting.googleapis.com/upload/sites/chatter-197df/versions/786e78293c520e4f/files/7ba3ed5e30f180504335c77cba1a9c3d9257611cf7c54e69850bd7045d989dea [stream]
[debug] [2021-11-27T19:43:31.987Z] <<< [apiv2][status] POST https://upload-firebasehosting.googleapis.com/upload/sites/chatter-197df/versions/786e78293c520e4f/files/871066755562d0121495aae8f04c986c97f5cbf3f5932f6864278d47d42dc38c 200
[debug] [2021-11-27T19:43:31.987Z] <<< [apiv2][body] POST https://upload-firebasehosting.googleapis.com/upload/sites/chatter-197df/versions/786e78293c520e4f/files/871066755562d0121495aae8f04c986c97f5cbf3f5932f6864278d47d42dc38c [stream]
[debug] [2021-11-27T19:43:31.988Z] [hosting][upload queue][FINAL] {"max":2435,"min":1430,"avg":2030.909090909091,"active":0,"complete":11,"success":11,"errored":0,"retried":0,"total":11,"elapsed":2436}
[info] ✔  hosting[chatter-197df]: file upload complete 
[debug] [2021-11-27T19:43:31.989Z] [hosting] deploy completed after 3708ms
[info] i  functions: updating Node.js 12 function createUserDocument(us-central1)... 
[debug] [2021-11-27T19:43:31.996Z] > refreshing access token with scopes: ["email","https://www.googleapis.com/auth/cloud-platform","https://www.googleapis.com/auth/cloudplatformprojects.readonly","https://www.googleapis.com/auth/firebase","openid"]
[debug] [2021-11-27T19:43:31.996Z] >>> HTTP REQUEST POST https://www.googleapis.com/oauth2/v3/token  
 <request body omitted>
[debug] [2021-11-27T19:43:32.141Z] <<< HTTP RESPONSE 200 {"pragma":"no-cache","cache-control":"no-cache, no-store, max-age=0, must-revalidate","expires":"Mon, 01 Jan 1990 00:00:00 GMT","date":"Sat, 27 Nov 2021 19:43:32 GMT","content-type":"application/json; charset=utf-8","vary":"X-Origin, Referer, Origin,Accept-Encoding","server":"scaffolding on HTTPServer2","x-xss-protection":"0","x-frame-options":"SAMEORIGIN","x-content-type-options":"nosniff","alt-svc":"h3=\":443\"; ma=2592000,h3-29=\":443\"; ma=2592000,h3-Q050=\":443\"; ma=2592000,h3-Q046=\":443\"; ma=2592000,h3-Q043=\":443\"; ma=2592000,quic=\":443\"; ma=2592000; v=\"46,43\"","accept-ranges":"none","transfer-encoding":"chunked"}
[debug] [2021-11-27T19:43:32.192Z] >>> HTTP REQUEST PATCH https://cloudfunctions.googleapis.com/v1/projects/chatter-197df/locations/us-central1/functions/createUserDocument {"updateMask":"name,sourceUploadUrl,entryPoint,runtime,labels,eventTrigger.eventType,eventTrigger.resource,eventTrigger.failurePolicy,availableMemoryMb,environmentVariables,sourceToken"} 
 {"name":"projects/chatter-197df/locations/us-central1/functions/createUserDocument","sourceUploadUrl":"https://storage.googleapis.com/gcf-upload-us-central1-11f77711-e0ba-4f14-9d59-0bce8c726f16/d97dd1ed-4953-4ecd-a185-428bf698f953.zip?GoogleAccessId=service-330084152094@gcf-admin-robot.iam.gserviceaccount.com&Expires=1638044007&Signature=sqj%2FsQGh%2FW%2FlEkaKqEIhNKXgyLqwLb0eVoDizUSs7rQlJV%2BeE%2Blli3L5d1jyaorJ2JSOCRi2QNpU4FpGTYoyF7Cdo2s9Y2xVA33bH7xjwwogutz%2Ft83I%2BxhTSHBI2j3lsPkqiIHnySEGipwKGNT5guBJU1I4yIm5eu5VOfV9nXPHRne9i4PIxaEFmTz38vrUcUhvIjVAeujMTES2Ez%2BRvH9CWVq46J4KCKdy27UdigKciduSubqBRTAOd%2B5XA6wWoYRoI6yQEqJ%2BsoxeV86sm14Lw%2FD1WdFZGPV4y1amgLrxl5BYPcb49I4f05Z%2FYwNToZt%2BULCYVrBYM%2B4pl46%2F%2FQ%3D%3D","entryPoint":"createUserDocument","runtime":"nodejs12","labels":{"deployment-tool":"cli-firebase"},"eventTrigger":{"eventType":"providers/firebase.auth/eventTypes/user.create","resource":"projects/chatter-197df"},"availableMemoryMb":256,"environmentVariables":{"FIREBASE_CONFIG":"{\"projectId\":\"chatter-197df\",\"storageBucket\":\"chatter-197df.appspot.com\",\"locationId\":\"asia-east2\"}","GCLOUD_PROJECT":"chatter-197df"}}
[debug] [2021-11-27T19:43:32.726Z] <<< HTTP RESPONSE 200 {"content-type":"application/json; charset=UTF-8","vary":"X-Origin, Referer, Origin,Accept-Encoding","date":"Sat, 27 Nov 2021 19:43:32 GMT","server":"ESF","cache-control":"private","x-xss-protection":"0","x-frame-options":"SAMEORIGIN","x-content-type-options":"nosniff","alt-svc":"h3=\":443\"; ma=2592000,h3-29=\":443\"; ma=2592000,h3-Q050=\":443\"; ma=2592000,h3-Q046=\":443\"; ma=2592000,h3-Q043=\":443\"; ma=2592000,quic=\":443\"; ma=2592000; v=\"46,43\"","accept-ranges":"none","transfer-encoding":"chunked"}
[debug] [2021-11-27T19:43:32.727Z] > refreshing access token with scopes: []
[debug] [2021-11-27T19:43:32.727Z] >>> HTTP REQUEST POST https://www.googleapis.com/oauth2/v3/token  
 <request body omitted>
[debug] [2021-11-27T19:43:32.865Z] <<< HTTP RESPONSE 200 {"pragma":"no-cache","date":"Sat, 27 Nov 2021 19:43:32 GMT","expires":"Mon, 01 Jan 1990 00:00:00 GMT","cache-control":"no-cache, no-store, max-age=0, must-revalidate","content-type":"application/json; charset=utf-8","vary":"X-Origin, Referer, Origin,Accept-Encoding","server":"scaffolding on HTTPServer2","x-xss-protection":"0","x-frame-options":"SAMEORIGIN","x-content-type-options":"nosniff","alt-svc":"h3=\":443\"; ma=2592000,h3-29=\":443\"; ma=2592000,h3-Q050=\":443\"; ma=2592000,h3-Q046=\":443\"; ma=2592000,h3-Q043=\":443\"; ma=2592000,quic=\":443\"; ma=2592000; v=\"46,43\"","accept-ranges":"none","transfer-encoding":"chunked"}
[debug] [2021-11-27T19:43:32.916Z] >>> [apiv2][query] GET https://cloudfunctions.googleapis.com/v1/operations/Y2hhdHRlci0xOTdkZi91cy1jZW50cmFsMS9jcmVhdGVVc2VyRG9jdW1lbnQveWhFaXBuRFhuNUU [none]
[debug] [2021-11-27T19:43:33.363Z] <<< [apiv2][status] GET https://cloudfunctions.googleapis.com/v1/operations/Y2hhdHRlci0xOTdkZi91cy1jZW50cmFsMS9jcmVhdGVVc2VyRG9jdW1lbnQveWhFaXBuRFhuNUU 200
[debug] [2021-11-27T19:43:33.364Z] <<< [apiv2][body] GET https://cloudfunctions.googleapis.com/v1/operations/Y2hhdHRlci0xOTdkZi91cy1jZW50cmFsMS9jcmVhdGVVc2VyRG9jdW1lbnQveWhFaXBuRFhuNUU {"name":"operations/Y2hhdHRlci0xOTdkZi91cy1jZW50cmFsMS9jcmVhdGVVc2VyRG9jdW1lbnQveWhFaXBuRFhuNUU","metadata":{"@type":"type.googleapis.com/google.cloud.functions.v1.OperationMetadataV1","target":"projects/chatter-197df/locations/us-central1/functions/createUserDocument","type":"UPDATE_FUNCTION","request":{"@type":"type.googleapis.com/google.cloud.functions.v1.CloudFunction","name":"projects/chatter-197df/locations/us-central1/functions/createUserDocument","eventTrigger":{"eventType":"providers/firebase.auth/eventTypes/user.create","resource":"projects/chatter-197df","service":"firebaseauth.googleapis.com"},"status":"ACTIVE","entryPoint":"createUserDocument","timeout":"60s","availableMemoryMb":256,"serviceAccountEmail":"chatter-197df@appspot.gserviceaccount.com","updateTime":"2021-11-27T19:39:47.891Z","versionId":"24","labels":{"deployment-tool":"cli-firebase"},"sourceUploadUrl":"https://storage.googleapis.com/gcf-upload-us-central1-11f77711-e0ba-4f14-9d59-0bce8c726f16/d97dd1ed-4953-4ecd-a185-428bf698f953.zip?GoogleAccessId=service-330084152094@gcf-admin-robot.iam.gserviceaccount.com&Expires=1638044007&Signature=sqj%2FsQGh%2FW%2FlEkaKqEIhNKXgyLqwLb0eVoDizUSs7rQlJV%2BeE%2Blli3L5d1jyaorJ2JSOCRi2QNpU4FpGTYoyF7Cdo2s9Y2xVA33bH7xjwwogutz%2Ft83I%2BxhTSHBI2j3lsPkqiIHnySEGipwKGNT5guBJU1I4yIm5eu5VOfV9nXPHRne9i4PIxaEFmTz38vrUcUhvIjVAeujMTES2Ez%2BRvH9CWVq46J4KCKdy27UdigKciduSubqBRTAOd%2B5XA6wWoYRoI6yQEqJ%2BsoxeV86sm14Lw%2FD1WdFZGPV4y1amgLrxl5BYPcb49I4f05Z%2FYwNToZt%2BULCYVrBYM%2B4pl46%2F%2FQ%3D%3D","environmentVariables":{"FIREBASE_CONFIG":"{\"projectId\":\"chatter-197df\",\"storageBucket\":\"chatter-197df.appspot.com\",\"locationId\":\"asia-east2\"}","GCLOUD_PROJECT":"chatter-197df"},"runtime":"nodejs12","ingressSettings":"ALLOW_ALL","buildId":"25c515a5-480f-439e-8d89-6ff3dd96fe88","buildName":"projects/330084152094/locations/us-central1/builds/25c515a5-480f-439e-8d89-6ff3dd96fe88"},"versionId":"25","updateTime":"2021-11-27T19:43:32Z","buildName":"projects/330084152094/locations/us-central1/builds/25c515a5-480f-439e-8d89-6ff3dd96fe88"}}
[debug] [2021-11-27T19:43:33.869Z] [update-us-central1-createUserDocument] Retrying task index 0
[debug] [2021-11-27T19:43:33.870Z] >>> [apiv2][query] GET https://cloudfunctions.googleapis.com/v1/operations/Y2hhdHRlci0xOTdkZi91cy1jZW50cmFsMS9jcmVhdGVVc2VyRG9jdW1lbnQveWhFaXBuRFhuNUU [none]
[debug] [2021-11-27T19:43:34.437Z] <<< [apiv2][status] GET https://cloudfunctions.googleapis.com/v1/operations/Y2hhdHRlci0xOTdkZi91cy1jZW50cmFsMS9jcmVhdGVVc2VyRG9jdW1lbnQveWhFaXBuRFhuNUU 200
[debug] [2021-11-27T19:43:34.437Z] <<< [apiv2][body] GET https://cloudfunctions.googleapis.com/v1/operations/Y2hhdHRlci0xOTdkZi91cy1jZW50cmFsMS9jcmVhdGVVc2VyRG9jdW1lbnQveWhFaXBuRFhuNUU {"name":"operations/Y2hhdHRlci0xOTdkZi91cy1jZW50cmFsMS9jcmVhdGVVc2VyRG9jdW1lbnQveWhFaXBuRFhuNUU","metadata":{"@type":"type.googleapis.com/google.cloud.functions.v1.OperationMetadataV1","target":"projects/chatter-197df/locations/us-central1/functions/createUserDocument","type":"UPDATE_FUNCTION","request":{"@type":"type.googleapis.com/google.cloud.functions.v1.CloudFunction","name":"projects/chatter-197df/locations/us-central1/functions/createUserDocument","eventTrigger":{"eventType":"providers/firebase.auth/eventTypes/user.create","resource":"projects/chatter-197df","service":"firebaseauth.googleapis.com"},"status":"ACTIVE","entryPoint":"createUserDocument","timeout":"60s","availableMemoryMb":256,"serviceAccountEmail":"chatter-197df@appspot.gserviceaccount.com","updateTime":"2021-11-27T19:39:47.891Z","versionId":"24","labels":{"deployment-tool":"cli-firebase"},"sourceUploadUrl":"https://storage.googleapis.com/gcf-upload-us-central1-11f77711-e0ba-4f14-9d59-0bce8c726f16/d97dd1ed-4953-4ecd-a185-428bf698f953.zip?GoogleAccessId=service-330084152094@gcf-admin-robot.iam.gserviceaccount.com&Expires=1638044007&Signature=sqj%2FsQGh%2FW%2FlEkaKqEIhNKXgyLqwLb0eVoDizUSs7rQlJV%2BeE%2Blli3L5d1jyaorJ2JSOCRi2QNpU4FpGTYoyF7Cdo2s9Y2xVA33bH7xjwwogutz%2Ft83I%2BxhTSHBI2j3lsPkqiIHnySEGipwKGNT5guBJU1I4yIm5eu5VOfV9nXPHRne9i4PIxaEFmTz38vrUcUhvIjVAeujMTES2Ez%2BRvH9CWVq46J4KCKdy27UdigKciduSubqBRTAOd%2B5XA6wWoYRoI6yQEqJ%2BsoxeV86sm14Lw%2FD1WdFZGPV4y1amgLrxl5BYPcb49I4f05Z%2FYwNToZt%2BULCYVrBYM%2B4pl46%2F%2FQ%3D%3D","environmentVariables":{"FIREBASE_CONFIG":"{\"projectId\":\"chatter-197df\",\"storageBucket\":\"chatter-197df.appspot.com\",\"locationId\":\"asia-east2\"}","GCLOUD_PROJECT":"chatter-197df"},"runtime":"nodejs12","ingressSettings":"ALLOW_ALL","buildId":"25c515a5-480f-439e-8d89-6ff3dd96fe88","buildName":"projects/330084152094/locations/us-central1/builds/25c515a5-480f-439e-8d89-6ff3dd96fe88"},"versionId":"25","updateTime":"2021-11-27T19:43:32Z","buildId":"50116767-63ea-4aa2-a5ef-9bcdfe4d57d0","buildName":"projects/330084152094/locations/us-central1/builds/50116767-63ea-4aa2-a5ef-9bcdfe4d57d0"}}
[debug] [2021-11-27T19:43:35.443Z] [update-us-central1-createUserDocument] Retrying task index 0
[debug] [2021-11-27T19:43:35.444Z] >>> [apiv2][query] GET https://cloudfunctions.googleapis.com/v1/operations/Y2hhdHRlci0xOTdkZi91cy1jZW50cmFsMS9jcmVhdGVVc2VyRG9jdW1lbnQveWhFaXBuRFhuNUU [none]
[debug] [2021-11-27T19:43:35.862Z] <<< [apiv2][status] GET https://cloudfunctions.googleapis.com/v1/operations/Y2hhdHRlci0xOTdkZi91cy1jZW50cmFsMS9jcmVhdGVVc2VyRG9jdW1lbnQveWhFaXBuRFhuNUU 200
[debug] [2021-11-27T19:43:35.862Z] <<< [apiv2][body] GET https://cloudfunctions.googleapis.com/v1/operations/Y2hhdHRlci0xOTdkZi91cy1jZW50cmFsMS9jcmVhdGVVc2VyRG9jdW1lbnQveWhFaXBuRFhuNUU {"name":"operations/Y2hhdHRlci0xOTdkZi91cy1jZW50cmFsMS9jcmVhdGVVc2VyRG9jdW1lbnQveWhFaXBuRFhuNUU","metadata":{"@type":"type.googleapis.com/google.cloud.functions.v1.OperationMetadataV1","target":"projects/chatter-197df/locations/us-central1/functions/createUserDocument","type":"UPDATE_FUNCTION","request":{"@type":"type.googleapis.com/google.cloud.functions.v1.CloudFunction","name":"projects/chatter-197df/locations/us-central1/functions/createUserDocument","eventTrigger":{"eventType":"providers/firebase.auth/eventTypes/user.create","resource":"projects/chatter-197df","service":"firebaseauth.googleapis.com"},"status":"ACTIVE","entryPoint":"createUserDocument","timeout":"60s","availableMemoryMb":256,"serviceAccountEmail":"chatter-197df@appspot.gserviceaccount.com","updateTime":"2021-11-27T19:39:47.891Z","versionId":"24","labels":{"deployment-tool":"cli-firebase"},"sourceUploadUrl":"https://storage.googleapis.com/gcf-upload-us-central1-11f77711-e0ba-4f14-9d59-0bce8c726f16/d97dd1ed-4953-4ecd-a185-428bf698f953.zip?GoogleAccessId=service-330084152094@gcf-admin-robot.iam.gserviceaccount.com&Expires=1638044007&Signature=sqj%2FsQGh%2FW%2FlEkaKqEIhNKXgyLqwLb0eVoDizUSs7rQlJV%2BeE%2Blli3L5d1jyaorJ2JSOCRi2QNpU4FpGTYoyF7Cdo2s9Y2xVA33bH7xjwwogutz%2Ft83I%2BxhTSHBI2j3lsPkqiIHnySEGipwKGNT5guBJU1I4yIm5eu5VOfV9nXPHRne9i4PIxaEFmTz38vrUcUhvIjVAeujMTES2Ez%2BRvH9CWVq46J4KCKdy27UdigKciduSubqBRTAOd%2B5XA6wWoYRoI6yQEqJ%2BsoxeV86sm14Lw%2FD1WdFZGPV4y1amgLrxl5BYPcb49I4f05Z%2FYwNToZt%2BULCYVrBYM%2B4pl46%2F%2FQ%3D%3D","environmentVariables":{"FIREBASE_CONFIG":"{\"projectId\":\"chatter-197df\",\"storageBucket\":\"chatter-197df.appspot.com\",\"locationId\":\"asia-east2\"}","GCLOUD_PROJECT":"chatter-197df"},"runtime":"nodejs12","ingressSettings":"ALLOW_ALL","buildId":"25c515a5-480f-439e-8d89-6ff3dd96fe88","buildName":"projects/330084152094/locations/us-central1/builds/25c515a5-480f-439e-8d89-6ff3dd96fe88"},"versionId":"25","updateTime":"2021-11-27T19:43:32Z","buildId":"50116767-63ea-4aa2-a5ef-9bcdfe4d57d0","buildName":"projects/330084152094/locations/us-central1/builds/50116767-63ea-4aa2-a5ef-9bcdfe4d57d0"}}
[debug] [2021-11-27T19:43:37.863Z] [update-us-central1-createUserDocument] Retrying task index 0
[debug] [2021-11-27T19:43:37.864Z] >>> [apiv2][query] GET https://cloudfunctions.googleapis.com/v1/operations/Y2hhdHRlci0xOTdkZi91cy1jZW50cmFsMS9jcmVhdGVVc2VyRG9jdW1lbnQveWhFaXBuRFhuNUU [none]
[debug] [2021-11-27T19:43:38.563Z] <<< [apiv2][status] GET https://cloudfunctions.googleapis.com/v1/operations/Y2hhdHRlci0xOTdkZi91cy1jZW50cmFsMS9jcmVhdGVVc2VyRG9jdW1lbnQveWhFaXBuRFhuNUU 200
[debug] [2021-11-27T19:43:38.563Z] <<< [apiv2][body] GET https://cloudfunctions.googleapis.com/v1/operations/Y2hhdHRlci0xOTdkZi91cy1jZW50cmFsMS9jcmVhdGVVc2VyRG9jdW1lbnQveWhFaXBuRFhuNUU {"name":"operations/Y2hhdHRlci0xOTdkZi91cy1jZW50cmFsMS9jcmVhdGVVc2VyRG9jdW1lbnQveWhFaXBuRFhuNUU","metadata":{"@type":"type.googleapis.com/google.cloud.functions.v1.OperationMetadataV1","target":"projects/chatter-197df/locations/us-central1/functions/createUserDocument","type":"UPDATE_FUNCTION","request":{"@type":"type.googleapis.com/google.cloud.functions.v1.CloudFunction","name":"projects/chatter-197df/locations/us-central1/functions/createUserDocument","eventTrigger":{"eventType":"providers/firebase.auth/eventTypes/user.create","resource":"projects/chatter-197df","service":"firebaseauth.googleapis.com"},"status":"ACTIVE","entryPoint":"createUserDocument","timeout":"60s","availableMemoryMb":256,"serviceAccountEmail":"chatter-197df@appspot.gserviceaccount.com","updateTime":"2021-11-27T19:39:47.891Z","versionId":"24","labels":{"deployment-tool":"cli-firebase"},"sourceUploadUrl":"https://storage.googleapis.com/gcf-upload-us-central1-11f77711-e0ba-4f14-9d59-0bce8c726f16/d97dd1ed-4953-4ecd-a185-428bf698f953.zip?GoogleAccessId=service-330084152094@gcf-admin-robot.iam.gserviceaccount.com&Expires=1638044007&Signature=sqj%2FsQGh%2FW%2FlEkaKqEIhNKXgyLqwLb0eVoDizUSs7rQlJV%2BeE%2Blli3L5d1jyaorJ2JSOCRi2QNpU4FpGTYoyF7Cdo2s9Y2xVA33bH7xjwwogutz%2Ft83I%2BxhTSHBI2j3lsPkqiIHnySEGipwKGNT5guBJU1I4yIm5eu5VOfV9nXPHRne9i4PIxaEFmTz38vrUcUhvIjVAeujMTES2Ez%2BRvH9CWVq46J4KCKdy27UdigKciduSubqBRTAOd%2B5XA6wWoYRoI6yQEqJ%2BsoxeV86sm14Lw%2FD1WdFZGPV4y1amgLrxl5BYPcb49I4f05Z%2FYwNToZt%2BULCYVrBYM%2B4pl46%2F%2FQ%3D%3D","environmentVariables":{"FIREBASE_CONFIG":"{\"projectId\":\"chatter-197df\",\"storageBucket\":\"chatter-197df.appspot.com\",\"locationId\":\"asia-east2\"}","GCLOUD_PROJECT":"chatter-197df"},"runtime":"nodejs12","ingressSettings":"ALLOW_ALL","buildId":"25c515a5-480f-439e-8d89-6ff3dd96fe88","buildName":"projects/330084152094/locations/us-central1/builds/25c515a5-480f-439e-8d89-6ff3dd96fe88"},"versionId":"25","updateTime":"2021-11-27T19:43:32Z","buildId":"50116767-63ea-4aa2-a5ef-9bcdfe4d57d0","buildName":"projects/330084152094/locations/us-central1/builds/50116767-63ea-4aa2-a5ef-9bcdfe4d57d0"}}
[debug] [2021-11-27T19:43:42.569Z] [update-us-central1-createUserDocument] Retrying task index 0
[debug] [2021-11-27T19:43:42.569Z] >>> [apiv2][query] GET https://cloudfunctions.googleapis.com/v1/operations/Y2hhdHRlci0xOTdkZi91cy1jZW50cmFsMS9jcmVhdGVVc2VyRG9jdW1lbnQveWhFaXBuRFhuNUU [none]
[debug] [2021-11-27T19:43:43.276Z] <<< [apiv2][status] GET https://cloudfunctions.googleapis.com/v1/operations/Y2hhdHRlci0xOTdkZi91cy1jZW50cmFsMS9jcmVhdGVVc2VyRG9jdW1lbnQveWhFaXBuRFhuNUU 200
[debug] [2021-11-27T19:43:43.276Z] <<< [apiv2][body] GET https://cloudfunctions.googleapis.com/v1/operations/Y2hhdHRlci0xOTdkZi91cy1jZW50cmFsMS9jcmVhdGVVc2VyRG9jdW1lbnQveWhFaXBuRFhuNUU {"name":"operations/Y2hhdHRlci0xOTdkZi91cy1jZW50cmFsMS9jcmVhdGVVc2VyRG9jdW1lbnQveWhFaXBuRFhuNUU","metadata":{"@type":"type.googleapis.com/google.cloud.functions.v1.OperationMetadataV1","target":"projects/chatter-197df/locations/us-central1/functions/createUserDocument","type":"UPDATE_FUNCTION","request":{"@type":"type.googleapis.com/google.cloud.functions.v1.CloudFunction","name":"projects/chatter-197df/locations/us-central1/functions/createUserDocument","eventTrigger":{"eventType":"providers/firebase.auth/eventTypes/user.create","resource":"projects/chatter-197df","service":"firebaseauth.googleapis.com"},"status":"ACTIVE","entryPoint":"createUserDocument","timeout":"60s","availableMemoryMb":256,"serviceAccountEmail":"chatter-197df@appspot.gserviceaccount.com","updateTime":"2021-11-27T19:39:47.891Z","versionId":"24","labels":{"deployment-tool":"cli-firebase"},"sourceUploadUrl":"https://storage.googleapis.com/gcf-upload-us-central1-11f77711-e0ba-4f14-9d59-0bce8c726f16/d97dd1ed-4953-4ecd-a185-428bf698f953.zip?GoogleAccessId=service-330084152094@gcf-admin-robot.iam.gserviceaccount.com&Expires=1638044007&Signature=sqj%2FsQGh%2FW%2FlEkaKqEIhNKXgyLqwLb0eVoDizUSs7rQlJV%2BeE%2Blli3L5d1jyaorJ2JSOCRi2QNpU4FpGTYoyF7Cdo2s9Y2xVA33bH7xjwwogutz%2Ft83I%2BxhTSHBI2j3lsPkqiIHnySEGipwKGNT5guBJU1I4yIm5eu5VOfV9nXPHRne9i4PIxaEFmTz38vrUcUhvIjVAeujMTES2Ez%2BRvH9CWVq46J4KCKdy27UdigKciduSubqBRTAOd%2B5XA6wWoYRoI6yQEqJ%2BsoxeV86sm14Lw%2FD1WdFZGPV4y1amgLrxl5BYPcb49I4f05Z%2FYwNToZt%2BULCYVrBYM%2B4pl46%2F%2FQ%3D%3D","environmentVariables":{"FIREBASE_CONFIG":"{\"projectId\":\"chatter-197df\",\"storageBucket\":\"chatter-197df.appspot.com\",\"locationId\":\"asia-east2\"}","GCLOUD_PROJECT":"chatter-197df"},"runtime":"nodejs12","ingressSettings":"ALLOW_ALL","buildId":"25c515a5-480f-439e-8d89-6ff3dd96fe88","buildName":"projects/330084152094/locations/us-central1/builds/25c515a5-480f-439e-8d89-6ff3dd96fe88"},"versionId":"25","updateTime":"2021-11-27T19:43:32Z","buildId":"50116767-63ea-4aa2-a5ef-9bcdfe4d57d0","buildName":"projects/330084152094/locations/us-central1/builds/50116767-63ea-4aa2-a5ef-9bcdfe4d57d0"}}
[debug] [2021-11-27T19:43:51.277Z] [update-us-central1-createUserDocument] Retrying task index 0
[debug] [2021-11-27T19:43:51.277Z] >>> [apiv2][query] GET https://cloudfunctions.googleapis.com/v1/operations/Y2hhdHRlci0xOTdkZi91cy1jZW50cmFsMS9jcmVhdGVVc2VyRG9jdW1lbnQveWhFaXBuRFhuNUU [none]
[debug] [2021-11-27T19:43:51.876Z] <<< [apiv2][status] GET https://cloudfunctions.googleapis.com/v1/operations/Y2hhdHRlci0xOTdkZi91cy1jZW50cmFsMS9jcmVhdGVVc2VyRG9jdW1lbnQveWhFaXBuRFhuNUU 200
[debug] [2021-11-27T19:43:51.877Z] <<< [apiv2][body] GET https://cloudfunctions.googleapis.com/v1/operations/Y2hhdHRlci0xOTdkZi91cy1jZW50cmFsMS9jcmVhdGVVc2VyRG9jdW1lbnQveWhFaXBuRFhuNUU {"name":"operations/Y2hhdHRlci0xOTdkZi91cy1jZW50cmFsMS9jcmVhdGVVc2VyRG9jdW1lbnQveWhFaXBuRFhuNUU","metadata":{"@type":"type.googleapis.com/google.cloud.functions.v1.OperationMetadataV1","target":"projects/chatter-197df/locations/us-central1/functions/createUserDocument","type":"UPDATE_FUNCTION","request":{"@type":"type.googleapis.com/google.cloud.functions.v1.CloudFunction","name":"projects/chatter-197df/locations/us-central1/functions/createUserDocument","eventTrigger":{"eventType":"providers/firebase.auth/eventTypes/user.create","resource":"projects/chatter-197df","service":"firebaseauth.googleapis.com"},"status":"ACTIVE","entryPoint":"createUserDocument","timeout":"60s","availableMemoryMb":256,"serviceAccountEmail":"chatter-197df@appspot.gserviceaccount.com","updateTime":"2021-11-27T19:39:47.891Z","versionId":"24","labels":{"deployment-tool":"cli-firebase"},"sourceUploadUrl":"https://storage.googleapis.com/gcf-upload-us-central1-11f77711-e0ba-4f14-9d59-0bce8c726f16/d97dd1ed-4953-4ecd-a185-428bf698f953.zip?GoogleAccessId=service-330084152094@gcf-admin-robot.iam.gserviceaccount.com&Expires=1638044007&Signature=sqj%2FsQGh%2FW%2FlEkaKqEIhNKXgyLqwLb0eVoDizUSs7rQlJV%2BeE%2Blli3L5d1jyaorJ2JSOCRi2QNpU4FpGTYoyF7Cdo2s9Y2xVA33bH7xjwwogutz%2Ft83I%2BxhTSHBI2j3lsPkqiIHnySEGipwKGNT5guBJU1I4yIm5eu5VOfV9nXPHRne9i4PIxaEFmTz38vrUcUhvIjVAeujMTES2Ez%2BRvH9CWVq46J4KCKdy27UdigKciduSubqBRTAOd%2B5XA6wWoYRoI6yQEqJ%2BsoxeV86sm14Lw%2FD1WdFZGPV4y1amgLrxl5BYPcb49I4f05Z%2FYwNToZt%2BULCYVrBYM%2B4pl46%2F%2FQ%3D%3D","environmentVariables":{"FIREBASE_CONFIG":"{\"projectId\":\"chatter-197df\",\"storageBucket\":\"chatter-197df.appspot.com\",\"locationId\":\"asia-east2\"}","GCLOUD_PROJECT":"chatter-197df"},"runtime":"nodejs12","ingressSettings":"ALLOW_ALL","buildId":"25c515a5-480f-439e-8d89-6ff3dd96fe88","buildName":"projects/330084152094/locations/us-central1/builds/25c515a5-480f-439e-8d89-6ff3dd96fe88"},"versionId":"25","updateTime":"2021-11-27T19:43:32Z","buildId":"50116767-63ea-4aa2-a5ef-9bcdfe4d57d0","buildName":"projects/330084152094/locations/us-central1/builds/50116767-63ea-4aa2-a5ef-9bcdfe4d57d0"}}
[debug] [2021-11-27T19:44:01.882Z] [update-us-central1-createUserDocument] Retrying task index 0
[debug] [2021-11-27T19:44:01.883Z] >>> [apiv2][query] GET https://cloudfunctions.googleapis.com/v1/operations/Y2hhdHRlci0xOTdkZi91cy1jZW50cmFsMS9jcmVhdGVVc2VyRG9jdW1lbnQveWhFaXBuRFhuNUU [none]
[debug] [2021-11-27T19:44:02.321Z] <<< [apiv2][status] GET https://cloudfunctions.googleapis.com/v1/operations/Y2hhdHRlci0xOTdkZi91cy1jZW50cmFsMS9jcmVhdGVVc2VyRG9jdW1lbnQveWhFaXBuRFhuNUU 200
[debug] [2021-11-27T19:44:02.321Z] <<< [apiv2][body] GET https://cloudfunctions.googleapis.com/v1/operations/Y2hhdHRlci0xOTdkZi91cy1jZW50cmFsMS9jcmVhdGVVc2VyRG9jdW1lbnQveWhFaXBuRFhuNUU {"name":"operations/Y2hhdHRlci0xOTdkZi91cy1jZW50cmFsMS9jcmVhdGVVc2VyRG9jdW1lbnQveWhFaXBuRFhuNUU","metadata":{"@type":"type.googleapis.com/google.cloud.functions.v1.OperationMetadataV1","target":"projects/chatter-197df/locations/us-central1/functions/createUserDocument","type":"UPDATE_FUNCTION","request":{"@type":"type.googleapis.com/google.cloud.functions.v1.CloudFunction","name":"projects/chatter-197df/locations/us-central1/functions/createUserDocument","eventTrigger":{"eventType":"providers/firebase.auth/eventTypes/user.create","resource":"projects/chatter-197df","service":"firebaseauth.googleapis.com"},"status":"ACTIVE","entryPoint":"createUserDocument","timeout":"60s","availableMemoryMb":256,"serviceAccountEmail":"chatter-197df@appspot.gserviceaccount.com","updateTime":"2021-11-27T19:39:47.891Z","versionId":"24","labels":{"deployment-tool":"cli-firebase"},"sourceUploadUrl":"https://storage.googleapis.com/gcf-upload-us-central1-11f77711-e0ba-4f14-9d59-0bce8c726f16/d97dd1ed-4953-4ecd-a185-428bf698f953.zip?GoogleAccessId=service-330084152094@gcf-admin-robot.iam.gserviceaccount.com&Expires=1638044007&Signature=sqj%2FsQGh%2FW%2FlEkaKqEIhNKXgyLqwLb0eVoDizUSs7rQlJV%2BeE%2Blli3L5d1jyaorJ2JSOCRi2QNpU4FpGTYoyF7Cdo2s9Y2xVA33bH7xjwwogutz%2Ft83I%2BxhTSHBI2j3lsPkqiIHnySEGipwKGNT5guBJU1I4yIm5eu5VOfV9nXPHRne9i4PIxaEFmTz38vrUcUhvIjVAeujMTES2Ez%2BRvH9CWVq46J4KCKdy27UdigKciduSubqBRTAOd%2B5XA6wWoYRoI6yQEqJ%2BsoxeV86sm14Lw%2FD1WdFZGPV4y1amgLrxl5BYPcb49I4f05Z%2FYwNToZt%2BULCYVrBYM%2B4pl46%2F%2FQ%3D%3D","environmentVariables":{"FIREBASE_CONFIG":"{\"projectId\":\"chatter-197df\",\"storageBucket\":\"chatter-197df.appspot.com\",\"locationId\":\"asia-east2\"}","GCLOUD_PROJECT":"chatter-197df"},"runtime":"nodejs12","ingressSettings":"ALLOW_ALL","buildId":"25c515a5-480f-439e-8d89-6ff3dd96fe88","buildName":"projects/330084152094/locations/us-central1/builds/25c515a5-480f-439e-8d89-6ff3dd96fe88"},"versionId":"25","updateTime":"2021-11-27T19:43:32Z","buildId":"50116767-63ea-4aa2-a5ef-9bcdfe4d57d0","buildName":"projects/330084152094/locations/us-central1/builds/50116767-63ea-4aa2-a5ef-9bcdfe4d57d0"}}
[debug] [2021-11-27T19:44:12.325Z] [update-us-central1-createUserDocument] Retrying task index 0
[debug] [2021-11-27T19:44:12.325Z] >>> [apiv2][query] GET https://cloudfunctions.googleapis.com/v1/operations/Y2hhdHRlci0xOTdkZi91cy1jZW50cmFsMS9jcmVhdGVVc2VyRG9jdW1lbnQveWhFaXBuRFhuNUU [none]
[debug] [2021-11-27T19:44:12.970Z] <<< [apiv2][status] GET https://cloudfunctions.googleapis.com/v1/operations/Y2hhdHRlci0xOTdkZi91cy1jZW50cmFsMS9jcmVhdGVVc2VyRG9jdW1lbnQveWhFaXBuRFhuNUU 200
[debug] [2021-11-27T19:44:12.970Z] <<< [apiv2][body] GET https://cloudfunctions.googleapis.com/v1/operations/Y2hhdHRlci0xOTdkZi91cy1jZW50cmFsMS9jcmVhdGVVc2VyRG9jdW1lbnQveWhFaXBuRFhuNUU {"name":"operations/Y2hhdHRlci0xOTdkZi91cy1jZW50cmFsMS9jcmVhdGVVc2VyRG9jdW1lbnQveWhFaXBuRFhuNUU","metadata":{"@type":"type.googleapis.com/google.cloud.functions.v1.OperationMetadataV1","target":"projects/chatter-197df/locations/us-central1/functions/createUserDocument","type":"UPDATE_FUNCTION","request":{"@type":"type.googleapis.com/google.cloud.functions.v1.CloudFunction","name":"projects/chatter-197df/locations/us-central1/functions/createUserDocument","eventTrigger":{"eventType":"providers/firebase.auth/eventTypes/user.create","resource":"projects/chatter-197df","service":"firebaseauth.googleapis.com"},"status":"ACTIVE","entryPoint":"createUserDocument","timeout":"60s","availableMemoryMb":256,"serviceAccountEmail":"chatter-197df@appspot.gserviceaccount.com","updateTime":"2021-11-27T19:39:47.891Z","versionId":"24","labels":{"deployment-tool":"cli-firebase"},"sourceUploadUrl":"https://storage.googleapis.com/gcf-upload-us-central1-11f77711-e0ba-4f14-9d59-0bce8c726f16/d97dd1ed-4953-4ecd-a185-428bf698f953.zip?GoogleAccessId=service-330084152094@gcf-admin-robot.iam.gserviceaccount.com&Expires=1638044007&Signature=sqj%2FsQGh%2FW%2FlEkaKqEIhNKXgyLqwLb0eVoDizUSs7rQlJV%2BeE%2Blli3L5d1jyaorJ2JSOCRi2QNpU4FpGTYoyF7Cdo2s9Y2xVA33bH7xjwwogutz%2Ft83I%2BxhTSHBI2j3lsPkqiIHnySEGipwKGNT5guBJU1I4yIm5eu5VOfV9nXPHRne9i4PIxaEFmTz38vrUcUhvIjVAeujMTES2Ez%2BRvH9CWVq46J4KCKdy27UdigKciduSubqBRTAOd%2B5XA6wWoYRoI6yQEqJ%2BsoxeV86sm14Lw%2FD1WdFZGPV4y1amgLrxl5BYPcb49I4f05Z%2FYwNToZt%2BULCYVrBYM%2B4pl46%2F%2FQ%3D%3D","environmentVariables":{"FIREBASE_CONFIG":"{\"projectId\":\"chatter-197df\",\"storageBucket\":\"chatter-197df.appspot.com\",\"locationId\":\"asia-east2\"}","GCLOUD_PROJECT":"chatter-197df"},"runtime":"nodejs12","ingressSettings":"ALLOW_ALL","buildId":"25c515a5-480f-439e-8d89-6ff3dd96fe88","buildName":"projects/330084152094/locations/us-central1/builds/25c515a5-480f-439e-8d89-6ff3dd96fe88"},"versionId":"25","updateTime":"2021-11-27T19:43:32Z","buildId":"50116767-63ea-4aa2-a5ef-9bcdfe4d57d0","buildName":"projects/330084152094/locations/us-central1/builds/50116767-63ea-4aa2-a5ef-9bcdfe4d57d0"}}
